RAM 2470/3964MB (lfb 57x4MB) SWAP 238/1982MB (cached 1MB) CPU [55%@1479,7%@1479,6%@1479,96%@1479] EMC_FREQ 0% GR3D_FREQ 0% PLL@40.5C CPU@43C PMIC@50C GPU@41.5C AO@50.5C thermal@42.5C
RAM 2641/3964MB (lfb 57x4MB) SWAP 238/1982MB (cached 1MB) CPU [27%@1479,92%@1479,10%@1479,82%@1479] EMC_FREQ 0% GR3D_FREQ 3% PLL@41C CPU@45.5C PMIC@50C GPU@41.5C AO@50.5C thermal@42.25C
RAM 2742/3964MB (lfb 57x4MB) SWAP 238/1982MB (cached 1MB) CPU [28%@1479,67%@1479,51%@1479,68%@1479] EMC_FREQ 0% GR3D_FREQ 2% PLL@41C CPU@45.5C PMIC@50C GPU@42C AO@50.5C thermal@43.25C
RAM 2893/3964MB (lfb 57x4MB) SWAP 239/1982MB (cached 1MB) CPU [57%@1479,76%@1479,46%@1479,51%@1479] EMC_FREQ 0% GR3D_FREQ 2% PLL@40.5C CPU@45C PMIC@50C GPU@41.5C AO@51C thermal@43.75C
RAM 3054/3964MB (lfb 25x4MB) SWAP 239/1982MB (cached 1MB) CPU [98%@1479,99%@1479,12%@1479,7%@1479] EMC_FREQ 0% GR3D_FREQ 4% PLL@40.5C CPU@44.5C PMIC@50C GPU@41.5C AO@51C thermal@43.25C
RAM 3158/3964MB (lfb 10x4MB) SWAP 242/1982MB (cached 1MB) CPU [96%@1479,78%@1479,16%@1479,15%@1479] EMC_FREQ 0% GR3D_FREQ 4% PLL@40.5C CPU@45C PMIC@50C GPU@41.5C AO@50.5C thermal@43C
RAM 3257/3964MB (lfb 6x4MB) SWAP 291/1982MB (cached 1MB) CPU [95%@1479,65%@1479,54%@1479,28%@1479] EMC_FREQ 0% GR3D_FREQ 4% PLL@41C CPU@44C PMIC@50C GPU@41.5C AO@50.5C thermal@43C
RAM 3325/3964MB (lfb 17x1MB) SWAP 357/1982MB (cached 1MB) CPU [98%@1479,28%@1479,64%@1479,53%@1479] EMC_FREQ 0% GR3D_FREQ 0% PLL@41.5C CPU@45C PMIC@50C GPU@42C AO@51C thermal@43.5C
RAM 3358/3964MB (lfb 1x4MB) SWAP 379/1982MB (cached 1MB) CPU [96%@1479,18%@1479,61%@1479,38%@1479] EMC_FREQ 0% GR3D_FREQ 0% PLL@40.5C CPU@45C PMIC@50C GPU@42C AO@51C thermal@43.5C
RAM 3329/3964MB (lfb 7x4MB) SWAP 422/1982MB (cached 1MB) CPU [98%@1479,50%@1479,58%@1479,41%@1479] EMC_FREQ 0% GR3D_FREQ 64% PLL@41C CPU@44.5C PMIC@50C GPU@42C AO@51C thermal@43.5C
RAM 3329/3964MB (lfb 7x4MB) SWAP 422/1982MB (cached 1MB) CPU [75%@1479,8%@1479,68%@1479,55%@1479] EMC_FREQ 0% GR3D_FREQ 0% PLL@41C CPU@45.5C PMIC@50C GPU@42C AO@51C thermal@43.5C
RAM 3330/3964MB (lfb 7x4MB) SWAP 422/1982MB (cached 1MB) CPU [20%@1479,17%@1479,97%@1479,71%@1479] EMC_FREQ 0% GR3D_FREQ 79% PLL@41.5C CPU@45.5C PMIC@50C GPU@42C AO@50.5C thermal@43.5C
RAM 3330/3964MB (lfb 7x4MB) SWAP 422/1982MB (cached 1MB) CPU [40%@1479,32%@1479,80%@1479,53%@1479] EMC_FREQ 0% GR3D_FREQ 0% PLL@41C CPU@45.5C PMIC@50C GPU@42.5C AO@51C thermal@43.25C
RAM 3330/3964MB (lfb 7x4MB) SWAP 422/1982MB (cached 1MB) CPU [16%@1479,35%@1479,96%@1479,58%@1479] EMC_FREQ 0% GR3D_FREQ 24% PLL@41C CPU@46C PMIC@50C GPU@42.5C AO@51C thermal@44C
RAM 3330/3964MB (lfb 7x4MB) SWAP 422/1982MB (cached 1MB) CPU [25%@1479,26%@1479,98%@1479,61%@1479] EMC_FREQ 0% GR3D_FREQ 0% PLL@41C CPU@45.5C PMIC@50C GPU@42C AO@51C thermal@44C
RAM 3330/3964MB (lfb 7x4MB) SWAP 422/1982MB (cached 1MB) CPU [9%@1479,90%@1479,48%@1479,63%@1479] EMC_FREQ 0% GR3D_FREQ 8% PLL@41.5C CPU@45.5C PMIC@50C GPU@42C AO@51C thermal@43.75C
RAM 3330/3964MB (lfb 7x4MB) SWAP 422/1982MB (cached 1MB) CPU [7%@1479,98%@1479,8%@1479,94%@1479] EMC_FREQ 0% GR3D_FREQ 0% PLL@42C CPU@45.5C PMIC@50C GPU@42C AO@50.5C thermal@43.75C
RAM 3330/3964MB (lfb 7x4MB) SWAP 422/1982MB (cached 1MB) CPU [6%@1479,96%@1479,68%@1479,33%@1479] EMC_FREQ 0% GR3D_FREQ 0% PLL@41.5C CPU@45.5C PMIC@50C GPU@42C AO@51C thermal@44C
RAM 3330/3964MB (lfb 7x4MB) SWAP 422/1982MB (cached 1MB) CPU [45%@1479,92%@1479,21%@1479,47%@1479] EMC_FREQ 0% GR3D_FREQ 0% PLL@41C CPU@45.5C PMIC@50C GPU@42.5C AO@51C thermal@43.75C
RAM 3330/3964MB (lfb 7x4MB) SWAP 422/1982MB (cached 1MB) CPU [20%@1479,87%@1479,24%@1479,77%@1479] EMC_FREQ 0% GR3D_FREQ 1% PLL@41.5C CPU@45.5C PMIC@50C GPU@42C AO@51C thermal@43.75C
RAM 3330/3964MB (lfb 6x4MB) SWAP 422/1982MB (cached 1MB) CPU [30%@1479,77%@1479,30%@1479,71%@1479] EMC_FREQ 0% GR3D_FREQ 0% PLL@41.5C CPU@44.5C PMIC@50C GPU@42C AO@51C thermal@43.75C
RAM 3330/3964MB (lfb 6x4MB) SWAP 422/1982MB (cached 1MB) CPU [18%@1479,8%@1479,86%@1479,98%@1479] EMC_FREQ 0% GR3D_FREQ 10% PLL@41.5C CPU@45.5C PMIC@50C GPU@42.5C AO@51C thermal@43.5C
RAM 3330/3964MB (lfb 6x4MB) SWAP 422/1982MB (cached 1MB) CPU [48%@1479,11%@1479,94%@1479,56%@1479] EMC_FREQ 0% GR3D_FREQ 0% PLL@41C CPU@45.5C PMIC@50C GPU@42C AO@51C thermal@43.75C
RAM 3330/3964MB (lfb 6x4MB) SWAP 421/1982MB (cached 1MB) CPU [98%@1479,6%@1479,92%@1479,9%@1479] EMC_FREQ 0% GR3D_FREQ 0% PLL@41C CPU@45.5C PMIC@50C GPU@42.5C AO@52C thermal@44C
RAM 3331/3964MB (lfb 5x4MB) SWAP 421/1982MB (cached 1MB) CPU [14%@1479,11%@1479,93%@1479,87%@1479] EMC_FREQ 0% GR3D_FREQ 79% PLL@41.5C CPU@45.5C PMIC@50C GPU@43C AO@51C thermal@44C
RAM 3331/3964MB (lfb 5x4MB) SWAP 421/1982MB (cached 1MB) CPU [24%@1479,10%@1479,93%@1479,80%@1479] EMC_FREQ 0% GR3D_FREQ 0% PLL@41C CPU@45C PMIC@50C GPU@42.5C AO@51.5C thermal@44C
RAM 3331/3964MB (lfb 5x4MB) SWAP 421/1982MB (cached 1MB) CPU [99%@1479,9%@1479,92%@1479,4%@1479] EMC_FREQ 0% GR3D_FREQ 0% PLL@41.5C CPU@45C PMIC@50C GPU@42.5C AO@51.5C thermal@44C
RAM 3331/3964MB (lfb 5x4MB) SWAP 421/1982MB (cached 1MB) CPU [96%@1479,44%@1479,52%@1479,16%@1479] EMC_FREQ 0% GR3D_FREQ 0% PLL@41.5C CPU@45C PMIC@50C GPU@42.5C AO@51.5C thermal@44C
RAM 3332/3964MB (lfb 5x4MB) SWAP 421/1982MB (cached 1MB) CPU [98%@1479,9%@1479,4%@1479,92%@1479] EMC_FREQ 0% GR3D_FREQ 0% PLL@41.5C CPU@44.5C PMIC@50C GPU@42.5C AO@51.5C thermal@43.5C
RAM 3332/3964MB (lfb 5x4MB) SWAP 421/1982MB (cached 1MB) CPU [66%@1479,8%@1479,60%@1479,73%@1479] EMC_FREQ 0% GR3D_FREQ 0% PLL@41.5C CPU@45.5C PMIC@50C GPU@42.5C AO@52C thermal@43.5C
RAM 3332/3964MB (lfb 5x4MB) SWAP 421/1982MB (cached 1MB) CPU [27%@1479,12%@1479,93%@1479,76%@1479] EMC_FREQ 0% GR3D_FREQ 22% PLL@41.5C CPU@45.5C PMIC@50C GPU@42.5C AO@51.5C thermal@44.25C
RAM 3332/3964MB (lfb 4x4MB) SWAP 421/1982MB (cached 1MB) CPU [80%@1479,98%@1479,14%@1479,15%@1479] EMC_FREQ 0% GR3D_FREQ 0% PLL@42C CPU@46C PMIC@50C GPU@42C AO@51.5C thermal@44.5C
RAM 3332/3964MB (lfb 4x4MB) SWAP 421/1982MB (cached 1MB) CPU [9%@1479,82%@1479,23%@1479,92%@1479] EMC_FREQ 0% GR3D_FREQ 0% PLL@42.5C CPU@46C PMIC@50C GPU@42.5C AO@51C thermal@44.25C
RAM 3332/3964MB (lfb 4x4MB) SWAP 421/1982MB (cached 1MB) CPU [31%@1479,98%@1479,35%@1479,39%@1479] EMC_FREQ 0% GR3D_FREQ 0% PLL@42C CPU@46C PMIC@50C GPU@42.5C AO@51.5C thermal@44.5C
RAM 3332/3964MB (lfb 4x4MB) SWAP 421/1982MB (cached 1MB) CPU [64%@1479,46%@1479,67%@1479,28%@1479] EMC_FREQ 0% GR3D_FREQ 0% PLL@41.5C CPU@46C PMIC@50C GPU@42.5C AO@52C thermal@44.25C
RAM 3332/3964MB (lfb 4x4MB) SWAP 421/1982MB (cached 1MB) CPU [98%@1479,18%@1479,84%@1479,7%@1479] EMC_FREQ 0% GR3D_FREQ 0% PLL@41.5C CPU@46C PMIC@50C GPU@42.5C AO@52C thermal@44.25C
RAM 2910/3964MB (lfb 5x4MB) SWAP 421/1982MB (cached 1MB) CPU [44%@1479,6%@1479,63%@1479,71%@1479] EMC_FREQ 0% GR3D_FREQ 0% PLL@41.5C CPU@46C PMIC@50C GPU@42.5C AO@51C thermal@43C
RAM 2403/3964MB (lfb 51x4MB) SWAP 421/1982MB (cached 1MB) CPU [52%@1479,23%@1479,78%@1479,18%@1479] EMC_FREQ 0% GR3D_FREQ 0% PLL@41C CPU@44.5C PMIC@50C GPU@42C AO@51.5C thermal@43.5C
RAM 2539/3964MB (lfb 51x4MB) SWAP 421/1982MB (cached 1MB) CPU [95%@1479,34%@1479,7%@1479,68%@1479] EMC_FREQ 0% GR3D_FREQ 1% PLL@41.5C CPU@46.5C PMIC@50C GPU@42.5C AO@51.5C thermal@43.5C
RAM 2670/3964MB (lfb 51x4MB) SWAP 421/1982MB (cached 1MB) CPU [39%@1479,65%@1479,46%@1479,55%@1479] EMC_FREQ 0% GR3D_FREQ 6% PLL@41.5C CPU@45.5C PMIC@50C GPU@42.5C AO@51C thermal@44.5C
RAM 2748/3964MB (lfb 50x4MB) SWAP 421/1982MB (cached 1MB) CPU [61%@1479,11%@1479,98%@1479,12%@1479] EMC_FREQ 0% GR3D_FREQ 0% PLL@41C CPU@46C PMIC@50C GPU@42.5C AO@51.5C thermal@44.25C
RAM 2904/3964MB (lfb 47x4MB) SWAP 421/1982MB (cached 1MB) CPU [25%@1479,74%@1479,74%@1479,26%@1479] EMC_FREQ 0% GR3D_FREQ 2% PLL@41.5C CPU@46C PMIC@50C GPU@42.5C AO@51.5C thermal@44.25C
RAM 2991/3964MB (lfb 47x4MB) SWAP 428/1982MB (cached 1MB) CPU [14%@1479,99%@1479,74%@1479,23%@1479] EMC_FREQ 0% GR3D_FREQ 4% PLL@42C CPU@46C PMIC@50C GPU@42C AO@51.5C thermal@44.25C
RAM 3060/3964MB (lfb 47x4MB) SWAP 431/1982MB (cached 1MB) CPU [84%@1479,43%@1479,29%@1479,30%@1479] EMC_FREQ 0% GR3D_FREQ 46% PLL@42C CPU@46C PMIC@50C GPU@43C AO@52.5C thermal@43.75C
RAM 3064/3964MB (lfb 47x4MB) SWAP 431/1982MB (cached 1MB) CPU [95%@1479,8%@1479,91%@1479,9%@1479] EMC_FREQ 0% GR3D_FREQ 76% PLL@41.5C CPU@45.5C PMIC@50C GPU@42.5C AO@52C thermal@44.5C
RAM 3064/3964MB (lfb 47x4MB) SWAP 431/1982MB (cached 1MB) CPU [98%@1479,10%@1479,94%@1479,5%@1479] EMC_FREQ 0% GR3D_FREQ 0% PLL@41.5C CPU@46C PMIC@50C GPU@42.5C AO@52C thermal@44C
RAM 3064/3964MB (lfb 47x4MB) SWAP 431/1982MB (cached 1MB) CPU [77%@1479,41%@1479,65%@1479,30%@1479] EMC_FREQ 0% GR3D_FREQ 0% PLL@42.5C CPU@46.5C PMIC@50C GPU@43C AO@52C thermal@44.75C
RAM 3064/3964MB (lfb 47x4MB) SWAP 431/1982MB (cached 1MB) CPU [8%@1479,17%@1479,87%@1479,98%@1479] EMC_FREQ 0% GR3D_FREQ 76% PLL@42C CPU@47C PMIC@50C GPU@43C AO@51.5C thermal@45C
RAM 3064/3964MB (lfb 47x4MB) SWAP 431/1982MB (cached 1MB) CPU [16%@1479,78%@1479,58%@1479,56%@1479] EMC_FREQ 0% GR3D_FREQ 0% PLL@42.5C CPU@46.5C PMIC@50C GPU@43C AO@52C thermal@45C
RAM 3064/3964MB (lfb 47x4MB) SWAP 431/1982MB (cached 1MB) CPU [5%@1479,99%@1479,9%@1479,93%@1479] EMC_FREQ 0% GR3D_FREQ 76% PLL@42C CPU@46.5C PMIC@50C GPU@43C AO@52C thermal@44.5C
RAM 3065/3964MB (lfb 47x4MB) SWAP 431/1982MB (cached 1MB) CPU [92%@1479,11%@1479,9%@1479,94%@1479] EMC_FREQ 0% GR3D_FREQ 0% PLL@42C CPU@45.5C PMIC@50C GPU@42.5C AO@52C thermal@44.25C
RAM 3065/3964MB (lfb 47x4MB) SWAP 431/1982MB (cached 1MB) CPU [40%@1479,72%@1479,68%@1479,26%@1479] EMC_FREQ 0% GR3D_FREQ 78% PLL@42C CPU@46C PMIC@50C GPU@43C AO@52C thermal@44.5C
RAM 3065/3964MB (lfb 47x4MB) SWAP 431/1982MB (cached 1MB) CPU [98%@1479,5%@1479,94%@1479,6%@1479] EMC_FREQ 0% GR3D_FREQ 7% PLL@41.5C CPU@46.5C PMIC@50C GPU@43C AO@52C thermal@44.5C
RAM 3065/3964MB (lfb 47x4MB) SWAP 431/1982MB (cached 1MB) CPU [97%@1479,9%@1479,22%@1479,79%@1479] EMC_FREQ 0% GR3D_FREQ 46% PLL@42C CPU@45.5C PMIC@50C GPU@42.5C AO@52C thermal@44.25C
RAM 3065/3964MB (lfb 47x4MB) SWAP 431/1982MB (cached 1MB) CPU [48%@1479,64%@1479,8%@1479,89%@1479] EMC_FREQ 0% GR3D_FREQ 0% PLL@42.5C CPU@46.5C PMIC@50C GPU@42.5C AO@52C thermal@44.5C
RAM 3065/3964MB (lfb 47x4MB) SWAP 431/1982MB (cached 1MB) CPU [34%@1479,37%@1479,63%@1479,74%@1479] EMC_FREQ 0% GR3D_FREQ 3% PLL@42.5C CPU@47C PMIC@50C GPU@43C AO@52C thermal@44.75C
RAM 3061/3964MB (lfb 47x4MB) SWAP 431/1982MB (cached 1MB) CPU [43%@1479,17%@1479,64%@1479,94%@1479] EMC_FREQ 0% GR3D_FREQ 4% PLL@42C CPU@46.5C PMIC@50C GPU@43C AO@52C thermal@45C
RAM 3061/3964MB (lfb 47x4MB) SWAP 431/1982MB (cached 1MB) CPU [24%@1479,6%@1479,93%@1479,83%@1479] EMC_FREQ 0% GR3D_FREQ 48% PLL@43C CPU@46C PMIC@50C GPU@43C AO@52C thermal@45C
RAM 3061/3964MB (lfb 47x4MB) SWAP 431/1982MB (cached 1MB) CPU [21%@1479,33%@1479,81%@1479,72%@1479] EMC_FREQ 0% GR3D_FREQ 29% PLL@42.5C CPU@46.5C PMIC@50C GPU@43C AO@52.5C thermal@45C
RAM 3062/3964MB (lfb 47x4MB) SWAP 431/1982MB (cached 1MB) CPU [98%@1479,10%@1479,91%@1479,13%@1479] EMC_FREQ 0% GR3D_FREQ 71% PLL@42C CPU@46C PMIC@50C GPU@43.5C AO@52.5C thermal@44.75C
RAM 3062/3964MB (lfb 47x4MB) SWAP 431/1982MB (cached 1MB) CPU [95%@1479,9%@1479,68%@1479,34%@1479] EMC_FREQ 0% GR3D_FREQ 0% PLL@42C CPU@46.5C PMIC@50C GPU@43C AO@52.5C thermal@44.5C
RAM 3062/3964MB (lfb 47x4MB) SWAP 431/1982MB (cached 1MB) CPU [98%@1479,10%@1479,80%@1479,21%@1479] EMC_FREQ 0% GR3D_FREQ 0% PLL@42C CPU@47C PMIC@50C GPU@43C AO@52.5C thermal@44.75C
RAM 3062/3964MB (lfb 47x4MB) SWAP 431/1982MB (cached 1MB) CPU [94%@1479,9%@1479,36%@1479,68%@1479] EMC_FREQ 0% GR3D_FREQ 0% PLL@42C CPU@46.5C PMIC@50C GPU@43C AO@52.5C thermal@44.5C
RAM 3062/3964MB (lfb 47x4MB) SWAP 431/1982MB (cached 1MB) CPU [97%@1479,8%@1479,94%@1479,7%@1479] EMC_FREQ 0% GR3D_FREQ 0% PLL@42C CPU@46.5C PMIC@50C GPU@43.5C AO@52.5C thermal@45C
RAM 3062/3964MB (lfb 47x4MB) SWAP 431/1982MB (cached 1MB) CPU [95%@1479,9%@1479,60%@1479,42%@1479] EMC_FREQ 0% GR3D_FREQ 0% PLL@42.5C CPU@45.5C PMIC@50C GPU@43.5C AO@52.5C thermal@44.75C
RAM 3062/3964MB (lfb 47x4MB) SWAP 431/1982MB (cached 1MB) CPU [81%@1479,27%@1479,9%@1479,93%@1479] EMC_FREQ 0% GR3D_FREQ 45% PLL@43C CPU@46.5C PMIC@50C GPU@43C AO@52.5C thermal@44.75C
RAM 3061/3964MB (lfb 47x4MB) SWAP 431/1982MB (cached 1MB) CPU [17%@1479,97%@1479,10%@1479,94%@1479] EMC_FREQ 0% GR3D_FREQ 0% PLL@43C CPU@46.5C PMIC@50C GPU@43.5C AO@52.5C thermal@45C
RAM 3062/3964MB (lfb 47x4MB) SWAP 431/1982MB (cached 1MB) CPU [21%@1479,98%@1479,35%@1479,52%@1479] EMC_FREQ 0% GR3D_FREQ 0% PLL@42.5C CPU@46.5C PMIC@50C GPU@43.5C AO@52.5C thermal@45C
RAM 3062/3964MB (lfb 47x4MB) SWAP 431/1982MB (cached 1MB) CPU [55%@1479,97%@1479,38%@1479,14%@1479] EMC_FREQ 0% GR3D_FREQ 0% PLL@42.5C CPU@47.5C PMIC@50C GPU@43.5C AO@53C thermal@44.75C
RAM 3053/3964MB (lfb 47x4MB) SWAP 431/1982MB (cached 1MB) CPU [38%@1479,98%@1479,64%@1479,6%@1479] EMC_FREQ 0% GR3D_FREQ 0% PLL@42.5C CPU@46.5C PMIC@50C GPU@43.5C AO@52.5C thermal@45C
