RAM 2501/3964MB (lfb 27x4MB) SWAP 50/1982MB (cached 0MB) CPU [1%@1479,38%@1479,62%@1479,61%@1479] EMC_FREQ 0% GR3D_FREQ 0% PLL@39.5C CPU@43.5C PMIC@50C GPU@40C AO@49.5C thermal@42C
RAM 2645/3964MB (lfb 61x1MB) SWAP 50/1982MB (cached 0MB) CPU [10%@1479,49%@1479,32%@1479,98%@1479] EMC_FREQ 0% GR3D_FREQ 1% PLL@40C CPU@44.5C PMIC@50C GPU@40C AO@49.5C thermal@41.25C
RAM 2761/3964MB (lfb 93x512kB) SWAP 50/1982MB (cached 0MB) CPU [95%@1479,18%@1479,11%@1479,94%@1479] EMC_FREQ 0% GR3D_FREQ 1% PLL@39.5C CPU@43C PMIC@50C GPU@40.5C AO@49.5C thermal@42C
RAM 2876/3964MB (lfb 4x512kB) SWAP 50/1982MB (cached 0MB) CPU [97%@1479,90%@1479,11%@1479,10%@1479] EMC_FREQ 0% GR3D_FREQ 2% PLL@39.5C CPU@43.5C PMIC@50C GPU@40.5C AO@50C thermal@41.75C
RAM 3025/3964MB (lfb 8x1MB) SWAP 87/1982MB (cached 0MB) CPU [86%@1479,81%@1479,36%@1479,70%@1479] EMC_FREQ 0% GR3D_FREQ 0% PLL@40C CPU@44.5C PMIC@50C GPU@40.5C AO@50C thermal@42C
RAM 3168/3964MB (lfb 25x1MB) SWAP 145/1982MB (cached 0MB) CPU [65%@1479,97%@1479,18%@1479,95%@1479] EMC_FREQ 0% GR3D_FREQ 0% PLL@40C CPU@44.5C PMIC@50C GPU@40.5C AO@50C thermal@42C
RAM 3179/3964MB (lfb 2x2MB) SWAP 164/1982MB (cached 0MB) CPU [26%@1479,74%@1479,10%@1479,48%@1479] EMC_FREQ 0% GR3D_FREQ 0% PLL@39.5C CPU@42.5C PMIC@50C GPU@40.5C AO@49.5C thermal@41.5C
RAM 3251/3964MB (lfb 5x2MB) SWAP 165/1982MB (cached 0MB) CPU [13%@1479,33%@1479,24%@1479,96%@1479] EMC_FREQ 0% GR3D_FREQ 1% PLL@40C CPU@43.5C PMIC@50C GPU@40.5C AO@49C thermal@41.75C
RAM 3299/3964MB (lfb 12x2MB) SWAP 178/1982MB (cached 0MB) CPU [11%@1479,28%@1479,37%@1479,96%@1479] EMC_FREQ 0% GR3D_FREQ 3% PLL@39.5C CPU@42.5C PMIC@50C GPU@40C AO@49.5C thermal@41.75C
RAM 3333/3964MB (lfb 1x4MB) SWAP 205/1982MB (cached 0MB) CPU [11%@1479,42%@1479,63%@1479,80%@1479] EMC_FREQ 0% GR3D_FREQ 0% PLL@39C CPU@42C PMIC@50C GPU@40C AO@49.5C thermal@42.25C
RAM 3382/3964MB (lfb 1x4MB) SWAP 233/1982MB (cached 0MB) CPU [26%@1479,95%@1479,44%@1479,39%@1479] EMC_FREQ 0% GR3D_FREQ 0% PLL@39.5C CPU@43.5C PMIC@50C GPU@40.5C AO@49.5C thermal@42C
RAM 3382/3964MB (lfb 1x4MB) SWAP 240/1982MB (cached 0MB) CPU [35%@1479,96%@1479,19%@1479,28%@1479] EMC_FREQ 0% GR3D_FREQ 79% PLL@40C CPU@44.5C PMIC@50C GPU@41C AO@49.5C thermal@42.5C
RAM 3383/3964MB (lfb 1x4MB) SWAP 240/1982MB (cached 0MB) CPU [43%@1479,22%@1479,90%@1479,52%@1479] EMC_FREQ 0% GR3D_FREQ 0% PLL@40C CPU@45C PMIC@50C GPU@41C AO@50C thermal@43.25C
RAM 3383/3964MB (lfb 1x4MB) SWAP 240/1982MB (cached 0MB) CPU [32%@1479,16%@1479,97%@1479,63%@1479] EMC_FREQ 0% GR3D_FREQ 0% PLL@40.5C CPU@45C PMIC@50C GPU@41.5C AO@49.5C thermal@43.25C
RAM 3381/3964MB (lfb 1x4MB) SWAP 244/1982MB (cached 0MB) CPU [24%@1479,30%@1479,98%@1479,63%@1479] EMC_FREQ 0% GR3D_FREQ 0% PLL@40.5C CPU@45C PMIC@50C GPU@41.5C AO@50C thermal@43.25C
RAM 3381/3964MB (lfb 1x4MB) SWAP 244/1982MB (cached 0MB) CPU [10%@1479,11%@1479,96%@1479,88%@1479] EMC_FREQ 0% GR3D_FREQ 20% PLL@40.5C CPU@45.5C PMIC@50C GPU@41.5C AO@50C thermal@43.5C
RAM 3381/3964MB (lfb 1x4MB) SWAP 244/1982MB (cached 0MB) CPU [8%@1479,58%@1479,95%@1479,42%@1479] EMC_FREQ 0% GR3D_FREQ 54% PLL@40.5C CPU@44.5C PMIC@50C GPU@41C AO@50C thermal@43.25C
RAM 3381/3964MB (lfb 1x4MB) SWAP 244/1982MB (cached 0MB) CPU [7%@1479,9%@1479,97%@1479,88%@1479] EMC_FREQ 0% GR3D_FREQ 0% PLL@40.5C CPU@45C PMIC@50C GPU@41C AO@49.5C thermal@43.25C
RAM 3382/3964MB (lfb 1x4MB) SWAP 244/1982MB (cached 0MB) CPU [10%@1479,48%@1479,97%@1479,53%@1479] EMC_FREQ 0% GR3D_FREQ 0% PLL@40.5C CPU@44.5C PMIC@50C GPU@41.5C AO@50C thermal@43.25C
RAM 3381/3964MB (lfb 1x4MB) SWAP 244/1982MB (cached 0MB) CPU [14%@1479,91%@1479,98%@1479,9%@1479] EMC_FREQ 0% GR3D_FREQ 76% PLL@40C CPU@45C PMIC@50C GPU@41.5C AO@50C thermal@43.25C
RAM 3379/3964MB (lfb 1x4MB) SWAP 244/1982MB (cached 0MB) CPU [46%@1479,32%@1479,57%@1479,72%@1479] EMC_FREQ 0% GR3D_FREQ 79% PLL@41C CPU@45C PMIC@50C GPU@41.5C AO@50C thermal@43.25C
RAM 3379/3964MB (lfb 1x4MB) SWAP 244/1982MB (cached 0MB) CPU [13%@1479,60%@1479,42%@1479,92%@1479] EMC_FREQ 0% GR3D_FREQ 0% PLL@40.5C CPU@44C PMIC@50C GPU@41.5C AO@50C thermal@43.25C
RAM 3380/3964MB (lfb 1x4MB) SWAP 244/1982MB (cached 0MB) CPU [97%@1479,11%@1479,86%@1479,8%@1479] EMC_FREQ 0% GR3D_FREQ 52% PLL@40C CPU@44.5C PMIC@50C GPU@41.5C AO@50.5C thermal@43C
RAM 3380/3964MB (lfb 1x4MB) SWAP 244/1982MB (cached 0MB) CPU [97%@1479,52%@1479,33%@1479,18%@1479] EMC_FREQ 0% GR3D_FREQ 0% PLL@40.5C CPU@45.5C PMIC@50C GPU@41C AO@50.5C thermal@43.5C
RAM 3380/3964MB (lfb 1x4MB) SWAP 244/1982MB (cached 0MB) CPU [99%@1479,20%@1479,6%@1479,85%@1479] EMC_FREQ 0% GR3D_FREQ 0% PLL@40.5C CPU@44C PMIC@50C GPU@41C AO@50.5C thermal@42.5C
RAM 3380/3964MB (lfb 1x4MB) SWAP 244/1982MB (cached 0MB) CPU [54%@1479,61%@1479,51%@1479,42%@1479] EMC_FREQ 0% GR3D_FREQ 67% PLL@40C CPU@44.5C PMIC@50C GPU@41.5C AO@50C thermal@43C
RAM 3380/3964MB (lfb 1x4MB) SWAP 244/1982MB (cached 0MB) CPU [9%@1479,16%@1479,98%@1479,85%@1479] EMC_FREQ 0% GR3D_FREQ 18% PLL@40.5C CPU@45.5C PMIC@50C GPU@41.5C AO@50.5C thermal@43.25C
RAM 3380/3964MB (lfb 1x4MB) SWAP 244/1982MB (cached 0MB) CPU [7%@1479,26%@1479,95%@1479,78%@1479] EMC_FREQ 0% GR3D_FREQ 0% PLL@40C CPU@45C PMIC@50C GPU@41.5C AO@50.5C thermal@43.25C
RAM 3380/3964MB (lfb 1x4MB) SWAP 244/1982MB (cached 0MB) CPU [18%@1479,42%@1479,71%@1479,76%@1479] EMC_FREQ 0% GR3D_FREQ 0% PLL@40.5C CPU@44C PMIC@50C GPU@41.5C AO@50.5C thermal@43.25C
RAM 3381/3964MB (lfb 1x4MB) SWAP 244/1982MB (cached 0MB) CPU [98%@1479,8%@1479,6%@1479,92%@1479] EMC_FREQ 0% GR3D_FREQ 0% PLL@41C CPU@44.5C PMIC@50C GPU@41.5C AO@50.5C thermal@43C
RAM 3381/3964MB (lfb 1x4MB) SWAP 244/1982MB (cached 0MB) CPU [96%@1479,31%@1479,7%@1479,69%@1479] EMC_FREQ 0% GR3D_FREQ 1% PLL@40.5C CPU@44.5C PMIC@50C GPU@41.5C AO@50.5C thermal@42.75C
RAM 3381/3964MB (lfb 1x4MB) SWAP 244/1982MB (cached 0MB) CPU [98%@1479,16%@1479,85%@1479,8%@1479] EMC_FREQ 0% GR3D_FREQ 62% PLL@40.5C CPU@44.5C PMIC@50C GPU@42C AO@50.5C thermal@43.25C
RAM 3381/3964MB (lfb 1x4MB) SWAP 244/1982MB (cached 0MB) CPU [45%@1479,54%@1479,31%@1479,73%@1479] EMC_FREQ 0% GR3D_FREQ 0% PLL@41C CPU@44C PMIC@50C GPU@41.5C AO@50.5C thermal@43.25C
RAM 3381/3964MB (lfb 1x4MB) SWAP 244/1982MB (cached 0MB) CPU [11%@1479,34%@1479,63%@1479,96%@1479] EMC_FREQ 0% GR3D_FREQ 76% PLL@41C CPU@45C PMIC@50C GPU@42C AO@50.5C thermal@43.75C
RAM 3381/3964MB (lfb 1x4MB) SWAP 244/1982MB (cached 0MB) CPU [8%@1479,10%@1479,88%@1479,98%@1479] EMC_FREQ 0% GR3D_FREQ 24% PLL@41C CPU@45.5C PMIC@50C GPU@42C AO@50.5C thermal@43.5C
RAM 3381/3964MB (lfb 1x4MB) SWAP 244/1982MB (cached 0MB) CPU [11%@1479,45%@1479,88%@1479,64%@1479] EMC_FREQ 0% GR3D_FREQ 0% PLL@41C CPU@45.5C PMIC@50C GPU@41.5C AO@50.5C thermal@43.5C
RAM 3381/3964MB (lfb 1x4MB) SWAP 244/1982MB (cached 0MB) CPU [10%@1479,99%@1479,87%@1479,7%@1479] EMC_FREQ 0% GR3D_FREQ 76% PLL@41C CPU@45.5C PMIC@50C GPU@42.5C AO@50.5C thermal@43.5C
RAM 3382/3964MB (lfb 1x4MB) SWAP 244/1982MB (cached 0MB) CPU [7%@1479,96%@1479,78%@1479,21%@1479] EMC_FREQ 0% GR3D_FREQ 0% PLL@41C CPU@45C PMIC@50C GPU@42C AO@50.5C thermal@43.75C
RAM 3382/3964MB (lfb 1x4MB) SWAP 244/1982MB (cached 0MB) CPU [86%@1479,18%@1479,86%@1479,12%@1479] EMC_FREQ 0% GR3D_FREQ 50% PLL@40.5C CPU@45C PMIC@50C GPU@42C AO@50.5C thermal@43.75C
RAM 3381/3964MB (lfb 1x4MB) SWAP 244/1982MB (cached 0MB) CPU [76%@1479,25%@1479,99%@1479,6%@1479] EMC_FREQ 0% GR3D_FREQ 0% PLL@41C CPU@45.5C PMIC@50C GPU@42C AO@50.5C thermal@44C
RAM 3381/3964MB (lfb 1x4MB) SWAP 244/1982MB (cached 0MB) CPU [55%@1479,23%@1479,77%@1479,51%@1479] EMC_FREQ 0% GR3D_FREQ 0% PLL@41C CPU@44.5C PMIC@50C GPU@42C AO@51C thermal@44C
RAM 3381/3964MB (lfb 1x4MB) SWAP 244/1982MB (cached 0MB) CPU [64%@1479,69%@1479,54%@1479,17%@1479] EMC_FREQ 0% GR3D_FREQ 0% PLL@41C CPU@45C PMIC@50C GPU@42C AO@50.5C thermal@43.75C
RAM 3381/3964MB (lfb 1x4MB) SWAP 244/1982MB (cached 0MB) CPU [9%@1479,36%@1479,93%@1479,69%@1479] EMC_FREQ 0% GR3D_FREQ 0% PLL@41.5C CPU@45.5C PMIC@50C GPU@42C AO@50.5C thermal@44C
RAM 3382/3964MB (lfb 1x4MB) SWAP 244/1982MB (cached 0MB) CPU [8%@1479,11%@1479,92%@1479,96%@1479] EMC_FREQ 0% GR3D_FREQ 3% PLL@41.5C CPU@45.5C PMIC@50C GPU@42.5C AO@51C thermal@43.75C
RAM 3382/3964MB (lfb 1x4MB) SWAP 244/1982MB (cached 0MB) CPU [10%@1479,11%@1479,93%@1479,96%@1479] EMC_FREQ 0% GR3D_FREQ 20% PLL@42C CPU@45.5C PMIC@50C GPU@42.5C AO@50.5C thermal@43.75C
RAM 3382/3964MB (lfb 1x4MB) SWAP 244/1982MB (cached 0MB) CPU [37%@1479,16%@1479,89%@1479,70%@1479] EMC_FREQ 0% GR3D_FREQ 0% PLL@41C CPU@45C PMIC@50C GPU@42C AO@51C thermal@43.75C
RAM 3382/3964MB (lfb 1x4MB) SWAP 244/1982MB (cached 0MB) CPU [98%@1479,8%@1479,92%@1479,7%@1479] EMC_FREQ 0% GR3D_FREQ 0% PLL@41C CPU@45C PMIC@50C GPU@42C AO@51C thermal@43.75C
RAM 3382/3964MB (lfb 1x4MB) SWAP 244/1982MB (cached 0MB) CPU [55%@1479,50%@1479,77%@1479,7%@1479] EMC_FREQ 0% GR3D_FREQ 0% PLL@41C CPU@45.5C PMIC@50C GPU@41.5C AO@50.5C thermal@43.5C
RAM 3347/3964MB (lfb 1x4MB) SWAP 245/1982MB (cached 0MB) CPU [6%@1479,99%@1479,6%@1479,48%@1479] EMC_FREQ 0% GR3D_FREQ 0% PLL@41C CPU@45C PMIC@50C GPU@42C AO@50.5C thermal@43.5C
RAM 3328/3964MB (lfb 2x4MB) SWAP 245/1982MB (cached 0MB) CPU [4%@1479,85%@1479,11%@1479,42%@1479] EMC_FREQ 0% GR3D_FREQ 0% PLL@40C CPU@45C PMIC@50C GPU@42C AO@51C thermal@43.5C
RAM 2391/3964MB (lfb 29x4MB) SWAP 245/1982MB (cached 0MB) CPU [8%@1479,29%@1479,87%@1479,8%@1479] EMC_FREQ 0% GR3D_FREQ 0% PLL@40.5C CPU@45C PMIC@50C GPU@41.5C AO@50.5C thermal@43.5C
RAM 2406/3964MB (lfb 29x4MB) SWAP 245/1982MB (cached 0MB) CPU [54%@1479,98%@1479,2%@1479,5%@1479] EMC_FREQ 0% GR3D_FREQ 0% PLL@40.5C CPU@45.5C PMIC@50C GPU@41.5C AO@51C thermal@43.25C
RAM 2444/3964MB (lfb 29x4MB) SWAP 245/1982MB (cached 0MB) CPU [27%@1479,96%@1479,2%@1479,12%@1479] EMC_FREQ 0% GR3D_FREQ 0% PLL@40.5C CPU@45C PMIC@50C GPU@41.5C AO@50.5C thermal@43.5C
RAM 2513/3964MB (lfb 29x4MB) SWAP 245/1982MB (cached 0MB) CPU [61%@1479,98%@1479,6%@1479,8%@1479] EMC_FREQ 0% GR3D_FREQ 0% PLL@40.5C CPU@45.5C PMIC@50C GPU@41.5C AO@50.5C thermal@43.75C
RAM 2595/3964MB (lfb 29x4MB) SWAP 245/1982MB (cached 0MB) CPU [36%@1479,23%@1479,83%@1479,32%@1479] EMC_FREQ 0% GR3D_FREQ 4% PLL@41C CPU@45C PMIC@50C GPU@42C AO@50.5C thermal@43.5C
RAM 2683/3964MB (lfb 29x4MB) SWAP 245/1982MB (cached 0MB) CPU [13%@1479,28%@1479,39%@1479,97%@1479] EMC_FREQ 0% GR3D_FREQ 0% PLL@41C CPU@44.5C PMIC@50C GPU@41.5C AO@50.5C thermal@43.5C
RAM 2751/3964MB (lfb 29x4MB) SWAP 245/1982MB (cached 0MB) CPU [20%@1479,22%@1479,14%@1479,98%@1479] EMC_FREQ 0% GR3D_FREQ 0% PLL@41C CPU@44.5C PMIC@50C GPU@41.5C AO@50.5C thermal@43C
RAM 2844/3964MB (lfb 29x4MB) SWAP 245/1982MB (cached 0MB) CPU [26%@1479,35%@1479,28%@1479,81%@1479] EMC_FREQ 0% GR3D_FREQ 0% PLL@41C CPU@45C PMIC@50C GPU@42C AO@51C thermal@43C
RAM 2886/3964MB (lfb 29x4MB) SWAP 246/1982MB (cached 0MB) CPU [46%@1479,27%@1479,98%@1479,9%@1479] EMC_FREQ 0% GR3D_FREQ 1% PLL@40.5C CPU@45C PMIC@50C GPU@42C AO@50.5C thermal@43.75C
RAM 2974/3964MB (lfb 29x4MB) SWAP 246/1982MB (cached 0MB) CPU [33%@1479,9%@1479,96%@1479,36%@1479] EMC_FREQ 0% GR3D_FREQ 3% PLL@41C CPU@45.5C PMIC@50C GPU@42C AO@50.5C thermal@43.75C
RAM 3070/3964MB (lfb 29x4MB) SWAP 246/1982MB (cached 0MB) CPU [30%@1479,43%@1479,96%@1479,14%@1479] EMC_FREQ 0% GR3D_FREQ 67% PLL@41C CPU@44.5C PMIC@50C GPU@42C AO@51C thermal@43.75C
RAM 3074/3964MB (lfb 29x4MB) SWAP 247/1982MB (cached 0MB) CPU [32%@1479,11%@1479,96%@1479,63%@1479] EMC_FREQ 0% GR3D_FREQ 1% PLL@41.5C CPU@46.5C PMIC@50C GPU@42C AO@51C thermal@44.25C
RAM 3074/3964MB (lfb 29x4MB) SWAP 247/1982MB (cached 0MB) CPU [29%@1479,75%@1479,97%@1479,10%@1479] EMC_FREQ 0% GR3D_FREQ 0% PLL@41C CPU@46C PMIC@50C GPU@42C AO@51.5C thermal@44C
RAM 3073/3964MB (lfb 29x4MB) SWAP 247/1982MB (cached 0MB) CPU [69%@1479,31%@1479,98%@1479,13%@1479] EMC_FREQ 0% GR3D_FREQ 0% PLL@41.5C CPU@46C PMIC@50C GPU@42.5C AO@51C thermal@44.25C
RAM 3074/3964MB (lfb 29x4MB) SWAP 247/1982MB (cached 0MB) CPU [8%@1479,52%@1479,51%@1479,93%@1479] EMC_FREQ 0% GR3D_FREQ 0% PLL@41.5C CPU@46C PMIC@50C GPU@42C AO@51C thermal@44.25C
RAM 3074/3964MB (lfb 29x4MB) SWAP 247/1982MB (cached 0MB) CPU [79%@1479,40%@1479,21%@1479,65%@1479] EMC_FREQ 0% GR3D_FREQ 0% PLL@41.5C CPU@45C PMIC@50C GPU@42C AO@51.5C thermal@44C
RAM 3074/3964MB (lfb 29x4MB) SWAP 247/1982MB (cached 0MB) CPU [22%@1479,9%@1479,93%@1479,84%@1479] EMC_FREQ 0% GR3D_FREQ 0% PLL@42C CPU@46C PMIC@50C GPU@43C AO@51C thermal@44.5C
RAM 3074/3964MB (lfb 29x4MB) SWAP 247/1982MB (cached 0MB) CPU [6%@1479,31%@1479,92%@1479,75%@1479] EMC_FREQ 0% GR3D_FREQ 42% PLL@41.5C CPU@46C PMIC@50C GPU@42C AO@51C thermal@44.25C
RAM 3074/3964MB (lfb 29x4MB) SWAP 247/1982MB (cached 0MB) CPU [9%@1479,97%@1479,93%@1479,9%@1479] EMC_FREQ 0% GR3D_FREQ 54% PLL@41.5C CPU@46C PMIC@50C GPU@42.5C AO@51.5C thermal@44.25C
RAM 3074/3964MB (lfb 29x4MB) SWAP 247/1982MB (cached 0MB) CPU [54%@1479,52%@1479,64%@1479,37%@1479] EMC_FREQ 0% GR3D_FREQ 60% PLL@41.5C CPU@45.5C PMIC@50C GPU@42.5C AO@51.5C thermal@44C
RAM 3074/3964MB (lfb 29x4MB) SWAP 247/1982MB (cached 0MB) CPU [98%@1479,9%@1479,79%@1479,21%@1479] EMC_FREQ 0% GR3D_FREQ 67% PLL@41.5C CPU@45C PMIC@50C GPU@42.5C AO@51.5C thermal@43.75C
RAM 3074/3964MB (lfb 29x4MB) SWAP 247/1982MB (cached 0MB) CPU [95%@1479,18%@1479,71%@1479,22%@1479] EMC_FREQ 0% GR3D_FREQ 19% PLL@41.5C CPU@45.5C PMIC@50C GPU@42.5C AO@51.5C thermal@44.25C
RAM 3074/3964MB (lfb 29x4MB) SWAP 247/1982MB (cached 0MB) CPU [96%@1479,39%@1479,66%@1479,6%@1479] EMC_FREQ 0% GR3D_FREQ 0% PLL@41.5C CPU@45.5C PMIC@50C GPU@42.5C AO@51.5C thermal@44C
RAM 3074/3964MB (lfb 29x4MB) SWAP 247/1982MB (cached 0MB) CPU [95%@1479,10%@1479,93%@1479,6%@1479] EMC_FREQ 0% GR3D_FREQ 12% PLL@41.5C CPU@45.5C PMIC@50C GPU@42.5C AO@52C thermal@44C
RAM 3074/3964MB (lfb 29x4MB) SWAP 247/1982MB (cached 0MB) CPU [98%@1479,9%@1479,94%@1479,8%@1479] EMC_FREQ 0% GR3D_FREQ 0% PLL@41C CPU@46C PMIC@50C GPU@42.5C AO@52C thermal@44C
RAM 3075/3964MB (lfb 29x4MB) SWAP 247/1982MB (cached 0MB) CPU [96%@1479,7%@1479,94%@1479,9%@1479] EMC_FREQ 0% GR3D_FREQ 0% PLL@41.5C CPU@45.5C PMIC@50C GPU@43C AO@52C thermal@44C
RAM 3075/3964MB (lfb 29x4MB) SWAP 247/1982MB (cached 0MB) CPU [99%@1479,11%@1479,84%@1479,24%@1479] EMC_FREQ 0% GR3D_FREQ 0% PLL@42C CPU@45C PMIC@50C GPU@42C AO@52C thermal@44.25C
RAM 3075/3964MB (lfb 29x4MB) SWAP 247/1982MB (cached 0MB) CPU [82%@1479,9%@1479,19%@1479,94%@1479] EMC_FREQ 0% GR3D_FREQ 0% PLL@41.5C CPU@45C PMIC@50C GPU@43C AO@52C thermal@43.75C
RAM 3075/3964MB (lfb 29x4MB) SWAP 247/1982MB (cached 0MB) CPU [97%@1479,11%@1479,44%@1479,53%@1479] EMC_FREQ 0% GR3D_FREQ 3% PLL@41.5C CPU@46C PMIC@50C GPU@42.5C AO@52C thermal@43.75C
RAM 3074/3964MB (lfb 29x4MB) SWAP 247/1982MB (cached 0MB) CPU [96%@1479,10%@1479,82%@1479,18%@1479] EMC_FREQ 0% GR3D_FREQ 0% PLL@41.5C CPU@45C PMIC@50C GPU@42.5C AO@52C thermal@44.5C
RAM 3074/3964MB (lfb 29x4MB) SWAP 247/1982MB (cached 0MB) CPU [97%@1479,9%@1479,57%@1479,42%@1479] EMC_FREQ 0% GR3D_FREQ 0% PLL@41.5C CPU@46C PMIC@50C GPU@42.5C AO@52C thermal@44.25C
RAM 3072/3964MB (lfb 29x4MB) SWAP 247/1982MB (cached 0MB) CPU [66%@1479,49%@1479,86%@1479,11%@1479] EMC_FREQ 0% GR3D_FREQ 0% PLL@42C CPU@46.5C PMIC@50C GPU@42.5C AO@52C thermal@44.5C
RAM 3073/3964MB (lfb 29x4MB) SWAP 247/1982MB (cached 0MB) CPU [95%@1479,97%@1479,3%@1479,8%@1479] EMC_FREQ 0% GR3D_FREQ 0% PLL@41.5C CPU@46.5C PMIC@50C GPU@42.5C AO@52C thermal@44.75C
RAM 3073/3964MB (lfb 29x4MB) SWAP 247/1982MB (cached 0MB) CPU [8%@1479,98%@1479,27%@1479,73%@1479] EMC_FREQ 0% GR3D_FREQ 0% PLL@42C CPU@46C PMIC@50C GPU@42.5C AO@51.5C thermal@44.75C
RAM 3073/3964MB (lfb 29x4MB) SWAP 247/1982MB (cached 0MB) CPU [13%@1479,95%@1479,17%@1479,78%@1479] EMC_FREQ 0% GR3D_FREQ 3% PLL@42C CPU@46.5C PMIC@50C GPU@43C AO@51.5C thermal@44.25C
RAM 3073/3964MB (lfb 29x4MB) SWAP 247/1982MB (cached 0MB) CPU [5%@1479,96%@1479,81%@1479,21%@1479] EMC_FREQ 0% GR3D_FREQ 0% PLL@42C CPU@46C PMIC@50C GPU@42.5C AO@52C thermal@44.25C
RAM 3050/3964MB (lfb 29x4MB) SWAP 247/1982MB (cached 0MB) CPU [17%@1479,98%@1479,11%@1479,79%@1479] EMC_FREQ 0% GR3D_FREQ 0% PLL@41.5C CPU@46.5C PMIC@50C GPU@42.5C AO@51.5C thermal@44.5C
