RAM 1523/3964MB (lfb 176x4MB) SWAP 16/1982MB (cached 0MB) CPU [17%@1479,7%@1479,24%@1479,65%@1479] EMC_FREQ 0% GR3D_FREQ 1% PLL@35.5C CPU@37.5C PMIC@50C GPU@36C AO@45C thermal@36.5C
RAM 1665/3964MB (lfb 173x4MB) SWAP 16/1982MB (cached 0MB) CPU [7%@1479,45%@1479,56%@1479,17%@1479] EMC_FREQ 0% GR3D_FREQ 2% PLL@35.5C CPU@37.5C PMIC@50C GPU@36C AO@45.5C thermal@37.25C
RAM 1809/3964MB (lfb 173x4MB) SWAP 16/1982MB (cached 0MB) CPU [9%@1479,60%@1479,51%@1479,8%@1479] EMC_FREQ 0% GR3D_FREQ 2% PLL@35C CPU@38.5C PMIC@50C GPU@36.5C AO@45C thermal@37C
RAM 2004/3964MB (lfb 173x4MB) SWAP 16/1982MB (cached 0MB) CPU [9%@1479,11%@1479,98%@1479,10%@1479] EMC_FREQ 0% GR3D_FREQ 0% PLL@35C CPU@38.5C PMIC@50C GPU@36C AO@45.5C thermal@37.5C
RAM 2162/3964MB (lfb 150x4MB) SWAP 16/1982MB (cached 0MB) CPU [8%@1479,13%@1479,88%@1479,20%@1479] EMC_FREQ 0% GR3D_FREQ 0% PLL@35C CPU@38C PMIC@50C GPU@36C AO@45C thermal@37C
RAM 2322/3964MB (lfb 110x4MB) SWAP 16/1982MB (cached 0MB) CPU [7%@1479,76%@1479,7%@1479,28%@1479] EMC_FREQ 0% GR3D_FREQ 4% PLL@35C CPU@38.5C PMIC@50C GPU@36C AO@45.5C thermal@37.5C
RAM 2386/3964MB (lfb 95x4MB) SWAP 16/1982MB (cached 0MB) CPU [6%@1479,7%@1479,5%@1479,92%@1479] EMC_FREQ 0% GR3D_FREQ 50% PLL@35.5C CPU@38.5C PMIC@50C GPU@36.5C AO@45.5C thermal@37.5C
RAM 2386/3964MB (lfb 95x4MB) SWAP 16/1982MB (cached 0MB) CPU [10%@1479,42%@1479,6%@1479,51%@1479] EMC_FREQ 0% GR3D_FREQ 1% PLL@35.5C CPU@38C PMIC@50C GPU@36.5C AO@45.5C thermal@37.25C
RAM 2385/3964MB (lfb 95x4MB) SWAP 16/1982MB (cached 0MB) CPU [5%@1479,60%@1479,38%@1479,4%@1479] EMC_FREQ 0% GR3D_FREQ 18% PLL@35C CPU@38.5C PMIC@50C GPU@36.5C AO@45.5C thermal@37.5C
RAM 2386/3964MB (lfb 95x4MB) SWAP 16/1982MB (cached 0MB) CPU [7%@1479,38%@1479,49%@1479,17%@1479] EMC_FREQ 0% GR3D_FREQ 0% PLL@36C CPU@38.5C PMIC@50C GPU@36.5C AO@45.5C thermal@37.75C
RAM 2385/3964MB (lfb 95x4MB) SWAP 16/1982MB (cached 0MB) CPU [7%@1479,51%@1479,3%@1479,47%@1479] EMC_FREQ 0% GR3D_FREQ 0% PLL@35C CPU@38.5C PMIC@50C GPU@37C AO@46C thermal@37.5C
RAM 2385/3964MB (lfb 94x4MB) SWAP 16/1982MB (cached 0MB) CPU [7%@1479,49%@1479,47%@1479,6%@1479] EMC_FREQ 0% GR3D_FREQ 0% PLL@35C CPU@39.5C PMIC@50C GPU@36.5C AO@45.5C thermal@37.25C
RAM 2386/3964MB (lfb 94x4MB) SWAP 16/1982MB (cached 0MB) CPU [39%@1479,8%@1479,16%@1479,48%@1479] EMC_FREQ 0% GR3D_FREQ 32% PLL@35C CPU@38.5C PMIC@50C GPU@36.5C AO@46C thermal@37.75C
RAM 2386/3964MB (lfb 94x4MB) SWAP 16/1982MB (cached 0MB) CPU [4%@1479,8%@1479,88%@1479,8%@1479] EMC_FREQ 0% GR3D_FREQ 0% PLL@35.5C CPU@38.5C PMIC@50C GPU@37C AO@45.5C thermal@38C
RAM 2386/3964MB (lfb 93x4MB) SWAP 16/1982MB (cached 0MB) CPU [9%@1479,24%@1479,34%@1479,45%@1479] EMC_FREQ 0% GR3D_FREQ 0% PLL@35.5C CPU@38.5C PMIC@50C GPU@36.5C AO@45.5C thermal@37.75C
RAM 2386/3964MB (lfb 94x4MB) SWAP 16/1982MB (cached 0MB) CPU [7%@1479,46%@1479,21%@1479,37%@1479] EMC_FREQ 0% GR3D_FREQ 65% PLL@35C CPU@38.5C PMIC@50C GPU@36.5C AO@46C thermal@37.25C
RAM 2386/3964MB (lfb 94x4MB) SWAP 16/1982MB (cached 0MB) CPU [6%@1479,40%@1479,38%@1479,24%@1479] EMC_FREQ 0% GR3D_FREQ 53% PLL@35.5C CPU@39.5C PMIC@50C GPU@37C AO@46C thermal@37.25C
RAM 2386/3964MB (lfb 94x4MB) SWAP 16/1982MB (cached 0MB) CPU [8%@1479,61%@1479,38%@1479,4%@1479] EMC_FREQ 0% GR3D_FREQ 77% PLL@35.5C CPU@39.5C PMIC@50C GPU@37C AO@46C thermal@37.75C
RAM 2386/3964MB (lfb 94x4MB) SWAP 16/1982MB (cached 0MB) CPU [6%@1479,50%@1479,46%@1479,7%@1479] EMC_FREQ 0% GR3D_FREQ 41% PLL@35.5C CPU@39C PMIC@50C GPU@37C AO@46C thermal@37.5C
RAM 2386/3964MB (lfb 94x4MB) SWAP 16/1982MB (cached 0MB) CPU [5%@1479,62%@1479,36%@1479,4%@1479] EMC_FREQ 0% GR3D_FREQ 0% PLL@35.5C CPU@39.5C PMIC@50C GPU@37C AO@46C thermal@37.75C
RAM 2386/3964MB (lfb 93x4MB) SWAP 16/1982MB (cached 0MB) CPU [9%@1479,7%@1479,79%@1479,13%@1479] EMC_FREQ 0% GR3D_FREQ 0% PLL@35.5C CPU@39.5C PMIC@50C GPU@37C AO@46C thermal@38.25C
RAM 2386/3964MB (lfb 93x4MB) SWAP 16/1982MB (cached 0MB) CPU [16%@1479,7%@1479,79%@1479,3%@1479] EMC_FREQ 0% GR3D_FREQ 0% PLL@35.5C CPU@39.5C PMIC@50C GPU@37C AO@46C thermal@38.25C
RAM 2386/3964MB (lfb 94x4MB) SWAP 16/1982MB (cached 0MB) CPU [31%@1479,28%@1479,31%@1479,15%@1479] EMC_FREQ 0% GR3D_FREQ 0% PLL@35.5C CPU@38.5C PMIC@50C GPU@37C AO@46.5C thermal@38.5C
RAM 2386/3964MB (lfb 94x4MB) SWAP 16/1982MB (cached 0MB) CPU [75%@1479,8%@1479,19%@1479,6%@1479] EMC_FREQ 0% GR3D_FREQ 0% PLL@35.5C CPU@39.5C PMIC@50C GPU@36.5C AO@46C thermal@37.5C
RAM 2386/3964MB (lfb 94x4MB) SWAP 16/1982MB (cached 0MB) CPU [4%@1479,8%@1479,89%@1479,6%@1479] EMC_FREQ 0% GR3D_FREQ 0% PLL@35.5C CPU@39.5C PMIC@50C GPU@37C AO@46C thermal@38.25C
RAM 2386/3964MB (lfb 93x4MB) SWAP 16/1982MB (cached 0MB) CPU [7%@1479,24%@1479,50%@1479,28%@1479] EMC_FREQ 0% GR3D_FREQ 27% PLL@36C CPU@38.5C PMIC@50C GPU@37C AO@46C thermal@38.25C
RAM 2386/3964MB (lfb 93x4MB) SWAP 16/1982MB (cached 0MB) CPU [7%@1479,19%@1479,11%@1479,72%@1479] EMC_FREQ 0% GR3D_FREQ 46% PLL@36C CPU@38.5C PMIC@50C GPU@36.5C AO@46C thermal@38C
RAM 2386/3964MB (lfb 93x4MB) SWAP 16/1982MB (cached 0MB) CPU [7%@1479,67%@1479,33%@1479,6%@1479] EMC_FREQ 0% GR3D_FREQ 79% PLL@35.5C CPU@39.5C PMIC@50C GPU@37C AO@46C thermal@38.25C
RAM 2386/3964MB (lfb 93x4MB) SWAP 16/1982MB (cached 0MB) CPU [8%@1479,41%@1479,55%@1479,5%@1479] EMC_FREQ 0% GR3D_FREQ 0% PLL@36C CPU@39C PMIC@50C GPU@37C AO@46C thermal@38.25C
RAM 2386/3964MB (lfb 94x4MB) SWAP 16/1982MB (cached 0MB) CPU [11%@1479,70%@1479,23%@1479,3%@1479] EMC_FREQ 0% GR3D_FREQ 0% PLL@35.5C CPU@40C PMIC@50C GPU@37.5C AO@46C thermal@37.75C
RAM 2386/3964MB (lfb 94x4MB) SWAP 16/1982MB (cached 0MB) CPU [10%@1479,11%@1479,66%@1479,21%@1479] EMC_FREQ 0% GR3D_FREQ 0% PLL@36C CPU@38.5C PMIC@50C GPU@37.5C AO@46.5C thermal@38.5C
RAM 2386/3964MB (lfb 94x4MB) SWAP 16/1982MB (cached 0MB) CPU [22%@1479,75%@1479,5%@1479,5%@1479] EMC_FREQ 0% GR3D_FREQ 0% PLL@36C CPU@39C PMIC@50C GPU@37C AO@46.5C thermal@38C
RAM 2386/3964MB (lfb 94x4MB) SWAP 16/1982MB (cached 0MB) CPU [18%@1479,15%@1479,44%@1479,34%@1479] EMC_FREQ 0% GR3D_FREQ 0% PLL@36C CPU@38.5C PMIC@50C GPU@37C AO@46.5C thermal@37.75C
RAM 2386/3964MB (lfb 94x4MB) SWAP 16/1982MB (cached 0MB) CPU [67%@1479,20%@1479,16%@1479,5%@1479] EMC_FREQ 0% GR3D_FREQ 53% PLL@35.5C CPU@39.5C PMIC@50C GPU@37C AO@46.5C thermal@38C
RAM 2386/3964MB (lfb 94x4MB) SWAP 16/1982MB (cached 0MB) CPU [3%@1479,33%@1479,65%@1479,6%@1479] EMC_FREQ 0% GR3D_FREQ 0% PLL@35.5C CPU@39.5C PMIC@50C GPU@37.5C AO@46C thermal@38C
RAM 2386/3964MB (lfb 94x4MB) SWAP 16/1982MB (cached 0MB) CPU [28%@1479,33%@1479,27%@1479,21%@1479] EMC_FREQ 0% GR3D_FREQ 0% PLL@35.5C CPU@40C PMIC@50C GPU@37.5C AO@46.5C thermal@38.5C
RAM 2386/3964MB (lfb 94x4MB) SWAP 16/1982MB (cached 0MB) CPU [16%@1479,28%@1479,58%@1479,7%@1479] EMC_FREQ 0% GR3D_FREQ 64% PLL@36C CPU@39.5C PMIC@50C GPU@37C AO@46.5C thermal@38.75C
RAM 2386/3964MB (lfb 94x4MB) SWAP 16/1982MB (cached 0MB) CPU [33%@1479,65%@1479,6%@1479,7%@1479] EMC_FREQ 0% GR3D_FREQ 0% PLL@36C CPU@39C PMIC@50C GPU@37.5C AO@46.5C thermal@38.25C
RAM 2386/3964MB (lfb 94x4MB) SWAP 16/1982MB (cached 0MB) CPU [27%@1479,54%@1479,20%@1479,4%@1479] EMC_FREQ 0% GR3D_FREQ 79% PLL@36C CPU@40C PMIC@50C GPU@37.5C AO@46.5C thermal@38C
RAM 2386/3964MB (lfb 94x4MB) SWAP 16/1982MB (cached 0MB) CPU [28%@1479,39%@1479,37%@1479,6%@1479] EMC_FREQ 0% GR3D_FREQ 9% PLL@36C CPU@39C PMIC@50C GPU@37C AO@46.5C thermal@38.5C
RAM 2386/3964MB (lfb 94x4MB) SWAP 16/1982MB (cached 0MB) CPU [10%@1479,37%@1479,59%@1479,5%@1479] EMC_FREQ 0% GR3D_FREQ 0% PLL@36.5C CPU@40C PMIC@50C GPU@37C AO@47C thermal@38.75C
RAM 2386/3964MB (lfb 94x4MB) SWAP 16/1982MB (cached 0MB) CPU [6%@1479,28%@1479,58%@1479,18%@1479] EMC_FREQ 0% GR3D_FREQ 75% PLL@36C CPU@39C PMIC@50C GPU@37.5C AO@46.5C thermal@38.25C
RAM 2386/3964MB (lfb 94x4MB) SWAP 16/1982MB (cached 0MB) CPU [66%@1479,29%@1479,7%@1479,8%@1479] EMC_FREQ 0% GR3D_FREQ 52% PLL@36C CPU@39.5C PMIC@50C GPU@37C AO@46.5C thermal@38.25C
RAM 2386/3964MB (lfb 94x4MB) SWAP 16/1982MB (cached 0MB) CPU [9%@1479,42%@1479,57%@1479,6%@1479] EMC_FREQ 0% GR3D_FREQ 1% PLL@36C CPU@40C PMIC@50C GPU@37.5C AO@46.5C thermal@38.75C
RAM 2386/3964MB (lfb 94x4MB) SWAP 16/1982MB (cached 0MB) CPU [5%@1479,6%@1479,90%@1479,8%@1479] EMC_FREQ 0% GR3D_FREQ 14% PLL@36C CPU@39.5C PMIC@50C GPU@37.5C AO@46.5C thermal@38.75C
RAM 2386/3964MB (lfb 94x4MB) SWAP 16/1982MB (cached 0MB) CPU [17%@1479,8%@1479,80%@1479,4%@1479] EMC_FREQ 0% GR3D_FREQ 38% PLL@36C CPU@40C PMIC@50C GPU@37.5C AO@47C thermal@37.75C
RAM 2386/3964MB (lfb 94x4MB) SWAP 16/1982MB (cached 0MB) CPU [7%@1479,7%@1479,54%@1479,41%@1479] EMC_FREQ 0% GR3D_FREQ 0% PLL@36.5C CPU@39.5C PMIC@50C GPU@37C AO@47C thermal@38.5C
RAM 2386/3964MB (lfb 94x4MB) SWAP 16/1982MB (cached 0MB) CPU [37%@1479,9%@1479,38%@1479,26%@1479] EMC_FREQ 0% GR3D_FREQ 36% PLL@36C CPU@40.5C PMIC@50C GPU@37.5C AO@46.5C thermal@38.25C
RAM 2386/3964MB (lfb 93x4MB) SWAP 16/1982MB (cached 0MB) CPU [22%@1479,7%@1479,13%@1479,66%@1479] EMC_FREQ 0% GR3D_FREQ 0% PLL@36C CPU@39C PMIC@50C GPU@37.5C AO@47C thermal@38.5C
RAM 2386/3964MB (lfb 93x4MB) SWAP 16/1982MB (cached 0MB) CPU [37%@1479,8%@1479,58%@1479,6%@1479] EMC_FREQ 0% GR3D_FREQ 80% PLL@36.5C CPU@40C PMIC@50C GPU@38C AO@47C thermal@38.75C
RAM 2386/3964MB (lfb 93x4MB) SWAP 16/1982MB (cached 0MB) CPU [22%@1479,10%@1479,8%@1479,69%@1479] EMC_FREQ 0% GR3D_FREQ 0% PLL@36.5C CPU@39.5C PMIC@50C GPU@37.5C AO@46.5C thermal@38.25C
RAM 2386/3964MB (lfb 93x4MB) SWAP 16/1982MB (cached 0MB) CPU [68%@1479,8%@1479,6%@1479,27%@1479] EMC_FREQ 0% GR3D_FREQ 1% PLL@36C CPU@39.5C PMIC@50C GPU@37.5C AO@47C thermal@38.75C
RAM 2387/3964MB (lfb 93x4MB) SWAP 16/1982MB (cached 0MB) CPU [16%@1479,8%@1479,72%@1479,12%@1479] EMC_FREQ 0% GR3D_FREQ 34% PLL@36.5C CPU@39.5C PMIC@50C GPU@38C AO@47C thermal@39C
RAM 2387/3964MB (lfb 93x4MB) SWAP 16/1982MB (cached 0MB) CPU [63%@1479,8%@1479,5%@1479,36%@1479] EMC_FREQ 0% GR3D_FREQ 0% PLL@36C CPU@39C PMIC@50C GPU@38C AO@47C thermal@39C
RAM 2387/3964MB (lfb 93x4MB) SWAP 16/1982MB (cached 0MB) CPU [53%@1479,10%@1479,42%@1479,4%@1479] EMC_FREQ 0% GR3D_FREQ 79% PLL@36.5C CPU@40.5C PMIC@50C GPU@38C AO@47C thermal@38.25C
RAM 2387/3964MB (lfb 93x4MB) SWAP 16/1982MB (cached 0MB) CPU [35%@1479,8%@1479,40%@1479,24%@1479] EMC_FREQ 0% GR3D_FREQ 1% PLL@36.5C CPU@39.5C PMIC@50C GPU@37.5C AO@47C thermal@39C
RAM 2387/3964MB (lfb 93x4MB) SWAP 16/1982MB (cached 0MB) CPU [70%@1479,10%@1479,9%@1479,20%@1479] EMC_FREQ 0% GR3D_FREQ 64% PLL@36C CPU@39.5C PMIC@50C GPU@37.5C AO@47C thermal@38.5C
RAM 2387/3964MB (lfb 93x4MB) SWAP 16/1982MB (cached 0MB) CPU [20%@1479,8%@1479,58%@1479,17%@1479] EMC_FREQ 0% GR3D_FREQ 80% PLL@36.5C CPU@40.5C PMIC@50C GPU@37.5C AO@47C thermal@38.5C
RAM 2387/3964MB (lfb 93x4MB) SWAP 16/1982MB (cached 0MB) CPU [40%@1479,9%@1479,56%@1479,5%@1479] EMC_FREQ 0% GR3D_FREQ 0% PLL@36C CPU@39.5C PMIC@50C GPU@37.5C AO@47C thermal@39.25C
RAM 2387/3964MB (lfb 93x4MB) SWAP 16/1982MB (cached 0MB) CPU [24%@1479,6%@1479,67%@1479,11%@1479] EMC_FREQ 0% GR3D_FREQ 0% PLL@37C CPU@39.5C PMIC@50C GPU@37.5C AO@46.5C thermal@39C
RAM 2387/3964MB (lfb 93x4MB) SWAP 16/1982MB (cached 0MB) CPU [8%@1479,63%@1479,28%@1479,13%@1479] EMC_FREQ 0% GR3D_FREQ 0% PLL@36.5C CPU@40.5C PMIC@50C GPU@38C AO@47C thermal@38.5C
RAM 2392/3964MB (lfb 92x4MB) SWAP 16/1982MB (cached 0MB) CPU [37%@1479,18%@1479,48%@1479,6%@1479] EMC_FREQ 0% GR3D_FREQ 2% PLL@36.5C CPU@41C PMIC@50C GPU@37.5C AO@47C thermal@39.25C
RAM 2392/3964MB (lfb 92x4MB) SWAP 16/1982MB (cached 0MB) CPU [8%@1479,12%@1479,21%@1479,67%@1479] EMC_FREQ 0% GR3D_FREQ 47% PLL@36.5C CPU@40C PMIC@50C GPU@37.5C AO@47C thermal@38.75C
RAM 2392/3964MB (lfb 92x4MB) SWAP 16/1982MB (cached 0MB) CPU [19%@1479,80%@1479,5%@1479,6%@1479] EMC_FREQ 0% GR3D_FREQ 0% PLL@36.5C CPU@40C PMIC@50C GPU@37.5C AO@47C thermal@38.75C
RAM 2392/3964MB (lfb 92x4MB) SWAP 16/1982MB (cached 0MB) CPU [52%@1479,36%@1479,17%@1479,4%@1479] EMC_FREQ 0% GR3D_FREQ 21% PLL@36.5C CPU@39.5C PMIC@50C GPU@37.5C AO@47.5C thermal@38.5C
RAM 2392/3964MB (lfb 92x4MB) SWAP 16/1982MB (cached 0MB) CPU [37%@1479,51%@1479,16%@1479,4%@1479] EMC_FREQ 0% GR3D_FREQ 71% PLL@36.5C CPU@40C PMIC@50C GPU@37.5C AO@47.5C thermal@38.75C
RAM 2392/3964MB (lfb 92x4MB) SWAP 16/1982MB (cached 0MB) CPU [51%@1479,48%@1479,3%@1479,6%@1479] EMC_FREQ 0% GR3D_FREQ 56% PLL@36.5C CPU@40C PMIC@50C GPU@37.5C AO@47.5C thermal@39C
RAM 2392/3964MB (lfb 92x4MB) SWAP 16/1982MB (cached 0MB) CPU [15%@1479,26%@1479,64%@1479,7%@1479] EMC_FREQ 0% GR3D_FREQ 22% PLL@37C CPU@41C PMIC@50C GPU@38C AO@47.5C thermal@39.25C
RAM 2392/3964MB (lfb 92x4MB) SWAP 16/1982MB (cached 0MB) CPU [17%@1479,49%@1479,35%@1479,7%@1479] EMC_FREQ 0% GR3D_FREQ 0% PLL@36.5C CPU@40C PMIC@50C GPU@37.5C AO@47.5C thermal@39C
RAM 2392/3964MB (lfb 92x4MB) SWAP 16/1982MB (cached 0MB) CPU [8%@1479,45%@1479,34%@1479,20%@1479] EMC_FREQ 0% GR3D_FREQ 1% PLL@36.5C CPU@40.5C PMIC@50C GPU@38C AO@47.5C thermal@39C
RAM 2392/3964MB (lfb 92x4MB) SWAP 16/1982MB (cached 0MB) CPU [5%@1479,78%@1479,17%@1479,7%@1479] EMC_FREQ 0% GR3D_FREQ 76% PLL@36.5C CPU@40.5C PMIC@50C GPU@38.5C AO@47C thermal@38.75C
RAM 2392/3964MB (lfb 92x4MB) SWAP 16/1982MB (cached 0MB) CPU [7%@1479,90%@1479,7%@1479,7%@1479] EMC_FREQ 0% GR3D_FREQ 0% PLL@36.5C CPU@40C PMIC@50C GPU@37.5C AO@47.5C thermal@39C
RAM 2392/3964MB (lfb 92x4MB) SWAP 16/1982MB (cached 0MB) CPU [41%@1479,35%@1479,30%@1479,8%@1479] EMC_FREQ 0% GR3D_FREQ 0% PLL@36.5C CPU@41C PMIC@50C GPU@38C AO@47.5C thermal@39C
RAM 2392/3964MB (lfb 92x4MB) SWAP 16/1982MB (cached 0MB) CPU [35%@1479,26%@1479,44%@1479,4%@1479] EMC_FREQ 0% GR3D_FREQ 1% PLL@36.5C CPU@40C PMIC@50C GPU@38C AO@47.5C thermal@39.5C
RAM 2392/3964MB (lfb 92x4MB) SWAP 16/1982MB (cached 0MB) CPU [9%@1479,42%@1479,5%@1479,52%@1479] EMC_FREQ 0% GR3D_FREQ 0% PLL@37C CPU@40C PMIC@50C GPU@38C AO@47.5C thermal@38.75C
RAM 2392/3964MB (lfb 92x4MB) SWAP 16/1982MB (cached 0MB) CPU [10%@1479,83%@1479,5%@1479,12%@1479] EMC_FREQ 0% GR3D_FREQ 46% PLL@37C CPU@40.5C PMIC@50C GPU@37.5C AO@47.5C thermal@39.5C
RAM 2392/3964MB (lfb 92x4MB) SWAP 16/1982MB (cached 0MB) CPU [7%@1479,86%@1479,10%@1479,6%@1479] EMC_FREQ 0% GR3D_FREQ 63% PLL@37C CPU@40C PMIC@50C GPU@38C AO@47.5C thermal@39.25C
RAM 2392/3964MB (lfb 92x4MB) SWAP 16/1982MB (cached 0MB) CPU [9%@1479,90%@1479,5%@1479,4%@1479] EMC_FREQ 0% GR3D_FREQ 0% PLL@37C CPU@40C PMIC@50C GPU@38.5C AO@47.5C thermal@39C
RAM 2392/3964MB (lfb 92x4MB) SWAP 16/1982MB (cached 0MB) CPU [48%@1479,29%@1479,3%@1479,25%@1479] EMC_FREQ 0% GR3D_FREQ 0% PLL@37C CPU@40C PMIC@50C GPU@38C AO@47.5C thermal@39C
RAM 2392/3964MB (lfb 92x4MB) SWAP 16/1982MB (cached 0MB) CPU [36%@1479,59%@1479,6%@1479,11%@1479] EMC_FREQ 0% GR3D_FREQ 77% PLL@37C CPU@40.5C PMIC@50C GPU@38.5C AO@47.5C thermal@39.5C
RAM 2392/3964MB (lfb 92x4MB) SWAP 16/1982MB (cached 0MB) CPU [5%@1479,90%@1479,6%@1479,4%@1479] EMC_FREQ 0% GR3D_FREQ 35% PLL@37C CPU@40C PMIC@50C GPU@38C AO@47.5C thermal@39C
RAM 2392/3964MB (lfb 92x4MB) SWAP 16/1982MB (cached 0MB) CPU [44%@1479,45%@1479,13%@1479,5%@1479] EMC_FREQ 0% GR3D_FREQ 1% PLL@37C CPU@41.5C PMIC@50C GPU@38.5C AO@47.5C thermal@39.5C
RAM 2392/3964MB (lfb 92x4MB) SWAP 16/1982MB (cached 0MB) CPU [19%@1479,6%@1479,78%@1479,4%@1479] EMC_FREQ 0% GR3D_FREQ 0% PLL@37C CPU@41C PMIC@50C GPU@38.5C AO@47.5C thermal@39.5C
RAM 2392/3964MB (lfb 92x4MB) SWAP 16/1982MB (cached 0MB) CPU [9%@1479,6%@1479,18%@1479,76%@1479] EMC_FREQ 0% GR3D_FREQ 0% PLL@37.5C CPU@40C PMIC@50C GPU@38C AO@47.5C thermal@39.75C
RAM 2392/3964MB (lfb 92x4MB) SWAP 16/1982MB (cached 0MB) CPU [9%@1479,77%@1479,15%@1479,7%@1479] EMC_FREQ 0% GR3D_FREQ 76% PLL@37C CPU@41C PMIC@50C GPU@38C AO@47.5C thermal@39.5C
RAM 2392/3964MB (lfb 92x4MB) SWAP 16/1982MB (cached 0MB) CPU [8%@1479,69%@1479,9%@1479,19%@1479] EMC_FREQ 0% GR3D_FREQ 1% PLL@37C CPU@40.5C PMIC@50C GPU@38.5C AO@47.5C thermal@39.75C
RAM 2392/3964MB (lfb 92x4MB) SWAP 16/1982MB (cached 0MB) CPU [10%@1479,89%@1479,5%@1479,6%@1479] EMC_FREQ 0% GR3D_FREQ 27% PLL@37C CPU@41C PMIC@50C GPU@38.5C AO@48C thermal@39.5C
RAM 2392/3964MB (lfb 92x4MB) SWAP 16/1982MB (cached 0MB) CPU [6%@1479,74%@1479,17%@1479,12%@1479] EMC_FREQ 0% GR3D_FREQ 73% PLL@37.5C CPU@40C PMIC@50C GPU@38C AO@47.5C thermal@39.75C
RAM 2392/3964MB (lfb 92x4MB) SWAP 16/1982MB (cached 0MB) CPU [9%@1479,90%@1479,6%@1479,4%@1479] EMC_FREQ 0% GR3D_FREQ 17% PLL@37C CPU@41C PMIC@50C GPU@38.5C AO@48C thermal@39.5C
RAM 2392/3964MB (lfb 92x4MB) SWAP 16/1982MB (cached 0MB) CPU [9%@1479,59%@1479,6%@1479,35%@1479] EMC_FREQ 0% GR3D_FREQ 0% PLL@37.5C CPU@40C PMIC@50C GPU@38.5C AO@48C thermal@39.5C
RAM 2392/3964MB (lfb 92x4MB) SWAP 16/1982MB (cached 0MB) CPU [11%@1479,4%@1479,4%@1479,89%@1479] EMC_FREQ 0% GR3D_FREQ 58% PLL@37C CPU@40.5C PMIC@50C GPU@39C AO@48C thermal@39.5C
RAM 2392/3964MB (lfb 92x4MB) SWAP 16/1982MB (cached 0MB) CPU [41%@1479,29%@1479,7%@1479,35%@1479] EMC_FREQ 0% GR3D_FREQ 0% PLL@37C CPU@40.5C PMIC@50C GPU@38.5C AO@47.5C thermal@39.5C
RAM 2392/3964MB (lfb 92x4MB) SWAP 16/1982MB (cached 0MB) CPU [5%@1479,50%@1479,10%@1479,44%@1479] EMC_FREQ 0% GR3D_FREQ 0% PLL@37.5C CPU@40.5C PMIC@50C GPU@38.5C AO@47.5C thermal@39.5C
RAM 2392/3964MB (lfb 92x4MB) SWAP 16/1982MB (cached 0MB) CPU [11%@1479,21%@1479,51%@1479,23%@1479] EMC_FREQ 0% GR3D_FREQ 2% PLL@37.5C CPU@40C PMIC@50C GPU@38.5C AO@47.5C thermal@39.75C
RAM 2392/3964MB (lfb 92x4MB) SWAP 16/1982MB (cached 0MB) CPU [8%@1479,21%@1479,76%@1479,4%@1479] EMC_FREQ 0% GR3D_FREQ 0% PLL@37C CPU@41.5C PMIC@50C GPU@39C AO@48C thermal@40C
RAM 2392/3964MB (lfb 92x4MB) SWAP 16/1982MB (cached 0MB) CPU [5%@1479,7%@1479,10%@1479,82%@1479] EMC_FREQ 0% GR3D_FREQ 0% PLL@37C CPU@41C PMIC@50C GPU@38.5C AO@47.5C thermal@40C
RAM 2392/3964MB (lfb 92x4MB) SWAP 16/1982MB (cached 0MB) CPU [7%@1479,7%@1479,40%@1479,56%@1479] EMC_FREQ 0% GR3D_FREQ 0% PLL@37.5C CPU@40.5C PMIC@50C GPU@38.5C AO@47.5C thermal@39.75C
RAM 2392/3964MB (lfb 92x4MB) SWAP 16/1982MB (cached 0MB) CPU [8%@1479,14%@1479,28%@1479,54%@1479] EMC_FREQ 0% GR3D_FREQ 3% PLL@37.5C CPU@41.5C PMIC@50C GPU@39C AO@48C thermal@39.5C
RAM 2387/3964MB (lfb 92x4MB) SWAP 20/1982MB (cached 0MB) CPU [27%@1479,15%@1479,48%@1479,27%@1479] EMC_FREQ 0% GR3D_FREQ 1% PLL@37C CPU@41.5C PMIC@50C GPU@39C AO@47.5C thermal@39.75C
RAM 2387/3964MB (lfb 92x4MB) SWAP 20/1982MB (cached 0MB) CPU [6%@1479,16%@1479,58%@1479,30%@1479] EMC_FREQ 0% GR3D_FREQ 3% PLL@37C CPU@41C PMIC@50C GPU@38.5C AO@48C thermal@39.5C
RAM 2386/3964MB (lfb 92x4MB) SWAP 20/1982MB (cached 0MB) CPU [6%@1479,32%@1479,6%@1479,67%@1479] EMC_FREQ 0% GR3D_FREQ 0% PLL@37.5C CPU@40.5C PMIC@50C GPU@39C AO@47.5C thermal@39.5C
RAM 2387/3964MB (lfb 92x4MB) SWAP 20/1982MB (cached 0MB) CPU [7%@1479,4%@1479,25%@1479,70%@1479] EMC_FREQ 0% GR3D_FREQ 0% PLL@37C CPU@41.5C PMIC@50C GPU@39C AO@48C thermal@39.75C
RAM 2387/3964MB (lfb 92x4MB) SWAP 20/1982MB (cached 0MB) CPU [12%@1479,18%@1479,55%@1479,23%@1479] EMC_FREQ 0% GR3D_FREQ 65% PLL@37C CPU@40.5C PMIC@50C GPU@38.5C AO@48C thermal@40.25C
RAM 2387/3964MB (lfb 92x4MB) SWAP 20/1982MB (cached 0MB) CPU [9%@1479,8%@1479,23%@1479,71%@1479] EMC_FREQ 0% GR3D_FREQ 3% PLL@37.5C CPU@40.5C PMIC@50C GPU@38.5C AO@47.5C thermal@39.75C
RAM 2387/3964MB (lfb 92x4MB) SWAP 20/1982MB (cached 0MB) CPU [6%@1479,12%@1479,20%@1479,69%@1479] EMC_FREQ 0% GR3D_FREQ 0% PLL@37.5C CPU@41C PMIC@50C GPU@38.5C AO@47.5C thermal@40C
RAM 2387/3964MB (lfb 92x4MB) SWAP 20/1982MB (cached 0MB) CPU [7%@1479,8%@1479,17%@1479,77%@1479] EMC_FREQ 0% GR3D_FREQ 45% PLL@37.5C CPU@41.5C PMIC@50C GPU@39C AO@48C thermal@40C
RAM 2387/3964MB (lfb 92x4MB) SWAP 20/1982MB (cached 0MB) CPU [9%@1479,20%@1479,37%@1479,46%@1479] EMC_FREQ 0% GR3D_FREQ 7% PLL@37.5C CPU@41C PMIC@50C GPU@39C AO@48C thermal@40.25C
RAM 2387/3964MB (lfb 92x4MB) SWAP 20/1982MB (cached 0MB) CPU [5%@1479,28%@1479,70%@1479,6%@1479] EMC_FREQ 0% GR3D_FREQ 0% PLL@37.5C CPU@42C PMIC@50C GPU@39C AO@48C thermal@40.5C
RAM 2377/3964MB (lfb 92x4MB) SWAP 24/1982MB (cached 0MB) CPU [6%@1479,54%@1479,44%@1479,10%@1479] EMC_FREQ 0% GR3D_FREQ 61% PLL@37C CPU@41.5C PMIC@50C GPU@39C AO@48C thermal@40.5C
RAM 2377/3964MB (lfb 92x4MB) SWAP 24/1982MB (cached 0MB) CPU [7%@1479,9%@1479,74%@1479,21%@1479] EMC_FREQ 0% GR3D_FREQ 79% PLL@37.5C CPU@42C PMIC@50C GPU@39C AO@48C thermal@40.75C
RAM 2378/3964MB (lfb 92x4MB) SWAP 24/1982MB (cached 0MB) CPU [8%@1479,17%@1479,65%@1479,18%@1479] EMC_FREQ 0% GR3D_FREQ 19% PLL@37.5C CPU@42C PMIC@50C GPU@39C AO@48C thermal@40.75C
RAM 2378/3964MB (lfb 92x4MB) SWAP 24/1982MB (cached 0MB) CPU [9%@1479,40%@1479,38%@1479,26%@1479] EMC_FREQ 0% GR3D_FREQ 5% PLL@37.5C CPU@42C PMIC@50C GPU@39C AO@48C thermal@40.25C
RAM 2378/3964MB (lfb 92x4MB) SWAP 24/1982MB (cached 0MB) CPU [18%@1479,33%@1479,19%@1479,38%@1479] EMC_FREQ 0% GR3D_FREQ 0% PLL@38C CPU@41C PMIC@50C GPU@39C AO@48C thermal@40.25C
RAM 2378/3964MB (lfb 92x4MB) SWAP 24/1982MB (cached 0MB) CPU [5%@1479,49%@1479,47%@1479,5%@1479] EMC_FREQ 0% GR3D_FREQ 0% PLL@37.5C CPU@42C PMIC@50C GPU@39C AO@48C thermal@40C
RAM 2378/3964MB (lfb 92x4MB) SWAP 24/1982MB (cached 0MB) CPU [16%@1479,63%@1479,26%@1479,4%@1479] EMC_FREQ 0% GR3D_FREQ 0% PLL@37.5C CPU@41C PMIC@50C GPU@39C AO@48.5C thermal@40C
RAM 2378/3964MB (lfb 92x4MB) SWAP 24/1982MB (cached 0MB) CPU [7%@1479,37%@1479,63%@1479,5%@1479] EMC_FREQ 0% GR3D_FREQ 1% PLL@37.5C CPU@41C PMIC@50C GPU@38.5C AO@48C thermal@40.25C
RAM 1424/3964MB (lfb 171x4MB) SWAP 24/1982MB (cached 0MB) CPU [15%@1479,73%@1479,11%@1479,9%@1479] EMC_FREQ 0% GR3D_FREQ 0% PLL@37C CPU@40.5C PMIC@50C GPU@38.5C AO@48C thermal@39.75C
